mode: set
github.com/zhaojiaming110/go_data_structures/list/doublelinkedlist.go:31.40,36.21 4 1
github.com/zhaojiaming110/go_data_structures/list/doublelinkedlist.go:40.2,40.13 1 1
github.com/zhaojiaming110/go_data_structures/list/doublelinkedlist.go:36.21,38.3 1 1
github.com/zhaojiaming110/go_data_structures/list/doublelinkedlist.go:43.28,45.2 1 1
github.com/zhaojiaming110/go_data_structures/list/doublelinkedlist.go:47.40,50.34 3 1
github.com/zhaojiaming110/go_data_structures/list/doublelinkedlist.go:54.2,54.15 1 1
github.com/zhaojiaming110/go_data_structures/list/doublelinkedlist.go:50.34,53.3 2 1
github.com/zhaojiaming110/go_data_structures/list/doublelinkedlist.go:57.31,58.17 1 1
github.com/zhaojiaming110/go_data_structures/list/doublelinkedlist.go:61.2,61.22 1 1
github.com/zhaojiaming110/go_data_structures/list/doublelinkedlist.go:58.17,60.3 1 0
github.com/zhaojiaming110/go_data_structures/list/doublelinkedlist.go:64.30,65.17 1 0
github.com/zhaojiaming110/go_data_structures/list/doublelinkedlist.go:68.2,68.23 1 0
github.com/zhaojiaming110/go_data_structures/list/doublelinkedlist.go:65.17,67.3 1 0
github.com/zhaojiaming110/go_data_structures/list/doublelinkedlist.go:73.52,74.42 1 1
github.com/zhaojiaming110/go_data_structures/list/doublelinkedlist.go:77.2,78.29 2 1
github.com/zhaojiaming110/go_data_structures/list/doublelinkedlist.go:81.2,81.21 1 1
github.com/zhaojiaming110/go_data_structures/list/doublelinkedlist.go:74.42,76.3 1 1
github.com/zhaojiaming110/go_data_structures/list/doublelinkedlist.go:78.29,80.3 1 1
github.com/zhaojiaming110/go_data_structures/list/doublelinkedlist.go:84.50,89.2 4 0
github.com/zhaojiaming110/go_data_structures/list/doublelinkedlist.go:91.53,92.27 1 1
github.com/zhaojiaming110/go_data_structures/list/doublelinkedlist.go:92.27,97.3 4 1
github.com/zhaojiaming110/go_data_structures/list/doublelinkedlist.go:102.60,108.2 5 1
github.com/zhaojiaming110/go_data_structures/list/doublelinkedlist.go:112.59,118.2 5 1
github.com/zhaojiaming110/go_data_structures/list/doublelinkedlist.go:122.45,127.2 4 1
github.com/zhaojiaming110/go_data_structures/list/doublelinkedlist.go:130.26,134.2 3 1
github.com/zhaojiaming110/go_data_structures/list/doublelinkedlist.go:137.25,141.2 3 0
github.com/zhaojiaming110/go_data_structures/list/doublelinkedlist.go:144.35,145.16 1 1
github.com/zhaojiaming110/go_data_structures/list/doublelinkedlist.go:148.2,148.54 1 1
github.com/zhaojiaming110/go_data_structures/list/doublelinkedlist.go:153.2,153.13 1 1
github.com/zhaojiaming110/go_data_structures/list/doublelinkedlist.go:145.16,147.3 1 0
github.com/zhaojiaming110/go_data_structures/list/doublelinkedlist.go:148.54,149.39 1 1
github.com/zhaojiaming110/go_data_structures/list/doublelinkedlist.go:149.39,151.4 1 1
github.com/zhaojiaming110/go_data_structures/list/doublelinkedlist.go:157.45,158.11 1 1
github.com/zhaojiaming110/go_data_structures/list/doublelinkedlist.go:159.21,160.25 1 1
github.com/zhaojiaming110/go_data_structures/list/doublelinkedlist.go:161.20,162.25 1 1
github.com/zhaojiaming110/go_data_structures/list/doublelinkedlist.go:163.17,164.21 1 0
github.com/zhaojiaming110/go_data_structures/list/doublelinkedlist.go:165.10,166.44 1 0
github.com/zhaojiaming110/go_data_structures/list/doublelinkedlist.go:171.43,172.17 1 0
github.com/zhaojiaming110/go_data_structures/list/doublelinkedlist.go:175.2,176.21 2 0
github.com/zhaojiaming110/go_data_structures/list/doublelinkedlist.go:182.2,182.12 1 0
github.com/zhaojiaming110/go_data_structures/list/doublelinkedlist.go:172.17,174.3 1 0
github.com/zhaojiaming110/go_data_structures/list/doublelinkedlist.go:176.21,177.18 1 0
github.com/zhaojiaming110/go_data_structures/list/doublelinkedlist.go:180.3,180.13 1 0
github.com/zhaojiaming110/go_data_structures/list/doublelinkedlist.go:177.18,179.4 1 0
github.com/zhaojiaming110/go_data_structures/list/doublelinkedlist.go:187.48,188.12 1 1
github.com/zhaojiaming110/go_data_structures/list/doublelinkedlist.go:195.2,195.12 1 1
github.com/zhaojiaming110/go_data_structures/list/doublelinkedlist.go:188.12,190.18 2 1
github.com/zhaojiaming110/go_data_structures/list/doublelinkedlist.go:193.3,193.6 1 1
github.com/zhaojiaming110/go_data_structures/list/doublelinkedlist.go:190.18,192.4 1 1
github.com/zhaojiaming110/go_data_structures/list/doublelinkedlist.go:200.39,202.12 2 0
github.com/zhaojiaming110/go_data_structures/list/doublelinkedlist.go:207.2,207.13 1 0
github.com/zhaojiaming110/go_data_structures/list/doublelinkedlist.go:202.12,206.3 3 0
github.com/zhaojiaming110/go_data_structures/list/doublelinkedlist.go:212.35,213.16 1 1
github.com/zhaojiaming110/go_data_structures/list/doublelinkedlist.go:216.2,218.34 3 1
github.com/zhaojiaming110/go_data_structures/list/doublelinkedlist.go:225.2,225.25 1 1
github.com/zhaojiaming110/go_data_structures/list/doublelinkedlist.go:213.16,215.3 1 0
github.com/zhaojiaming110/go_data_structures/list/doublelinkedlist.go:218.34,219.40 1 1
github.com/zhaojiaming110/go_data_structures/list/doublelinkedlist.go:223.3,223.13 1 1
github.com/zhaojiaming110/go_data_structures/list/doublelinkedlist.go:219.40,222.4 2 1
github.com/zhaojiaming110/go_data_structures/list/doublelinkedlist.go:230.32,231.16 1 1
github.com/zhaojiaming110/go_data_structures/list/doublelinkedlist.go:234.2,236.46 3 1
github.com/zhaojiaming110/go_data_structures/list/doublelinkedlist.go:243.2,243.25 1 1
github.com/zhaojiaming110/go_data_structures/list/doublelinkedlist.go:231.16,233.3 1 0
github.com/zhaojiaming110/go_data_structures/list/doublelinkedlist.go:236.46,237.23 1 1
github.com/zhaojiaming110/go_data_structures/list/doublelinkedlist.go:237.23,239.4 1 1
github.com/zhaojiaming110/go_data_structures/list/doublelinkedlist.go:239.9,241.4 1 1
github.com/zhaojiaming110/go_data_structures/list/doublelinkedlist.go:247.46,248.11 1 1
github.com/zhaojiaming110/go_data_structures/list/doublelinkedlist.go:252.2,254.25 3 1
github.com/zhaojiaming110/go_data_structures/list/doublelinkedlist.go:257.2,257.12 1 1
github.com/zhaojiaming110/go_data_structures/list/doublelinkedlist.go:248.11,250.3 1 0
github.com/zhaojiaming110/go_data_structures/list/doublelinkedlist.go:254.25,256.3 1 1
github.com/zhaojiaming110/go_data_structures/list/doublelinkedlist.go:257.12,267.3 5 1
github.com/zhaojiaming110/go_data_structures/list/doublelinkedlist.go:271.38,273.27 2 1
github.com/zhaojiaming110/go_data_structures/list/doublelinkedlist.go:279.2,279.12 1 1
github.com/zhaojiaming110/go_data_structures/list/doublelinkedlist.go:273.27,275.37 2 1
github.com/zhaojiaming110/go_data_structures/list/doublelinkedlist.go:275.37,277.4 1 1
github.com/zhaojiaming110/go_data_structures/list/doublelinkedlist.go:283.46,284.11 1 1
github.com/zhaojiaming110/go_data_structures/list/doublelinkedlist.go:287.2,287.25 1 1
github.com/zhaojiaming110/go_data_structures/list/doublelinkedlist.go:284.11,286.3 1 0
github.com/zhaojiaming110/go_data_structures/list/doublelinkedlist.go:287.25,292.3 4 1
github.com/zhaojiaming110/go_data_structures/list/doublelinkedlist.go:296.50,298.20 1 1
github.com/zhaojiaming110/go_data_structures/list/doublelinkedlist.go:307.2,307.10 1 1
github.com/zhaojiaming110/go_data_structures/list/doublelinkedlist.go:298.20,300.20 2 1
github.com/zhaojiaming110/go_data_structures/list/doublelinkedlist.go:303.3,303.30 1 1
github.com/zhaojiaming110/go_data_structures/list/doublelinkedlist.go:300.20,301.9 1 1
github.com/zhaojiaming110/go_data_structures/list/doublelinkedlist.go:303.30,304.9 1 1
github.com/zhaojiaming110/go_data_structures/list/doublelinkedlist.go:312.48,313.11 1 1
github.com/zhaojiaming110/go_data_structures/list/doublelinkedlist.go:317.2,320.25 3 1
github.com/zhaojiaming110/go_data_structures/list/doublelinkedlist.go:324.2,328.10 4 1
github.com/zhaojiaming110/go_data_structures/list/doublelinkedlist.go:313.11,315.3 1 1
github.com/zhaojiaming110/go_data_structures/list/doublelinkedlist.go:320.25,322.3 1 1
github.com/zhaojiaming110/go_data_structures/list/doublelinkedlist.go:332.72,337.12 2 1
github.com/zhaojiaming110/go_data_structures/list/doublelinkedlist.go:351.2,352.10 2 1
github.com/zhaojiaming110/go_data_structures/list/doublelinkedlist.go:337.12,338.44 1 1
github.com/zhaojiaming110/go_data_structures/list/doublelinkedlist.go:338.44,340.14 2 1
github.com/zhaojiaming110/go_data_structures/list/doublelinkedlist.go:343.4,343.7 1 1
github.com/zhaojiaming110/go_data_structures/list/doublelinkedlist.go:340.14,341.10 1 1
github.com/zhaojiaming110/go_data_structures/list/doublelinkedlist.go:344.9,349.4 4 1
github.com/zhaojiaming110/go_data_structures/list/doublelinkedlist.go:356.51,358.14 2 1
github.com/zhaojiaming110/go_data_structures/list/doublelinkedlist.go:361.2,361.35 1 1
github.com/zhaojiaming110/go_data_structures/list/doublelinkedlist.go:358.14,360.3 1 0
github.com/zhaojiaming110/go_data_structures/list/doublelinkedlist.go:361.35,363.3 1 1
github.com/zhaojiaming110/go_data_structures/list/doublelinkedlist.go:367.45,369.2 1 1
